<?xml version="1.0" encoding="UTF-8"?>
<beans xmlns="http://www.springframework.org/schema/beans"
       xmlns:xsi="http://www.w3.org/2001/XMLSchema-instance"
       xmlns:osgi="http://www.springframework.org/schema/osgi"
       xmlns:p="http://www.springframework.org/schema/p" xmlns:util="http://www.springframework.org/schema/util"
       xmlns:context="http://www.springframework.org/schema/context"
       xsi:schemaLocation="http://www.springframework.org/schema/beans
       http://www.springframework.org/schema/beans/spring-beans.xsd
       http://www.springframework.org/schema/osgi
       http://www.springframework.org/schema/osgi/spring-osgi.xsd http://www.springframework.org/schema/util http://www.springframework.org/schema/util/spring-util-2.0.xsd http://www.springframework.org/schema/context http://www.springframework.org/schema/context/spring-context.xsd">


    <bean id="hibernateUtil" class="com.doxla.testing.hibernate.HibernateSessionTestUtil">
        <constructor-arg ref="sessionFactory" />
    </bean>

    <bean id="atomikosUtil" class="com.doxla.testing.transaction.AtomikosTransactionManagerTestUtil">
        <constructor-arg ref="atomikosTransactionManager" />
    </bean>

    <bean id="transactionTemplate" class="org.springframework.transaction.support.TransactionTemplate">
        <constructor-arg ref="jtaTransactionManager" />
    </bean>

    <bean id="jmsUtil" class="com.doxla.testing.jms.JmsTestUtil">
        <constructor-arg ref="connectionFactory" />
    </bean>

</beans>